Vivado Simulator v2023.2
Copyright 1986-2022 Xilinx, Inc. All Rights Reserved.
Copyright 2022-2023 Advanced Micro Devices, Inc. All Rights Reserved.
Running: /tools/Xilinx/Vivado/2023.2/bin/unwrapped/lnx64.o/xelab --incr --debug typical --relax --mt 8 -L xil_defaultlib -L uvm -L unisims_ver -L unimacro_ver -L secureip --snapshot sim_snn_rgb_behav xil_defaultlib.sim_snn_rgb xil_defaultlib.glbl -log elaborate.log 
Using 8 slave threads.
Starting static elaboration
Pass Through NonSizing Optimizer
WARNING: [VRFC 10-3705] select index 3 into 'spikes_i' is out of bounds [/media/nisitha/My_Passport/MOODLE/Vivado_projects/SNN_project/snn_implementation/snn_implementation.srcs/sources_1/new/snn_neuron.sv:30]
WARNING: [VRFC 10-3705] select index 4 into 'spikes_i' is out of bounds [/media/nisitha/My_Passport/MOODLE/Vivado_projects/SNN_project/snn_implementation/snn_implementation.srcs/sources_1/new/snn_neuron.sv:34]
WARNING: [VRFC 10-3705] select index 5 into 'spikes_i' is out of bounds [/media/nisitha/My_Passport/MOODLE/Vivado_projects/SNN_project/snn_implementation/snn_implementation.srcs/sources_1/new/snn_neuron.sv:35]
WARNING: [VRFC 10-3705] select index 6 into 'spikes_i' is out of bounds [/media/nisitha/My_Passport/MOODLE/Vivado_projects/SNN_project/snn_implementation/snn_implementation.srcs/sources_1/new/snn_neuron.sv:36]
WARNING: [VRFC 10-3705] select index 7 into 'spikes_i' is out of bounds [/media/nisitha/My_Passport/MOODLE/Vivado_projects/SNN_project/snn_implementation/snn_implementation.srcs/sources_1/new/snn_neuron.sv:37]
Completed static elaboration
Starting simulation data flow analysis
Completed simulation data flow analysis
Time Resolution for simulation is 1ps
Compiling package std.standard
Compiling package std.textio
Compiling package ieee.std_logic_1164
Compiling package ieee.numeric_std
Compiling package ieee.std_logic_textio
Compiling package vl.vl_types
Compiling module xil_defaultlib.glbl
Compiling module xil_defaultlib.control(delay=75,layer_delay=5)
Compiling module xil_defaultlib.gen_input
WARNING: [VRFC 10-3705] select index 3 into 'spikes_i' is out of bounds [/media/nisitha/My_Passport/MOODLE/Vivado_projects/SNN_project/snn_implementation/snn_implementation.srcs/sources_1/new/snn_neuron.sv:30]
WARNING: [VRFC 10-3705] select index 4 into 'spikes_i' is out of bounds [/media/nisitha/My_Passport/MOODLE/Vivado_projects/SNN_project/snn_implementation/snn_implementation.srcs/sources_1/new/snn_neuron.sv:34]
WARNING: [VRFC 10-3705] select index 5 into 'spikes_i' is out of bounds [/media/nisitha/My_Passport/MOODLE/Vivado_projects/SNN_project/snn_implementation/snn_implementation.srcs/sources_1/new/snn_neuron.sv:35]
WARNING: [VRFC 10-3705] select index 6 into 'spikes_i' is out of bounds [/media/nisitha/My_Passport/MOODLE/Vivado_projects/SNN_project/snn_implementation/snn_implementation.srcs/sources_1/new/snn_neuron.sv:36]
WARNING: [VRFC 10-3705] select index 7 into 'spikes_i' is out of bounds [/media/nisitha/My_Passport/MOODLE/Vivado_projects/SNN_project/snn_implementation/snn_implementation.srcs/sources_1/new/snn_neuron.sv:37]
Compiling module xil_defaultlib.neuron_1(NUM_INPUTS=3,WEIGHTS='{...
Compiling module xil_defaultlib.neuron_1(NUM_INPUTS=3,WEIGHTS='{...
Compiling module xil_defaultlib.neuron_1(NUM_INPUTS=3,WEIGHTS='{...
Compiling module xil_defaultlib.neuron_1(NUM_INPUTS=3,WEIGHTS='{...
Compiling module xil_defaultlib.neuron_1(NUM_INPUTS=3,WEIGHTS='{...
Compiling module xil_defaultlib.neuron_1(NUM_INPUTS=3,WEIGHTS='{...
Compiling module xil_defaultlib.neuron_1(NUM_INPUTS=3,WEIGHTS='{...
Compiling module xil_defaultlib.neuron_1(NUM_INPUTS=7,WEIGHTS='{...
Compiling module xil_defaultlib.neuron_1(NUM_INPUTS=7,WEIGHTS='{...
Compiling module xil_defaultlib.snn_rgb(NUM_INPUTS_HIDDEN=3,NUM_...
Compiling architecture sim of entity xil_defaultlib.sim_snn_rgb
Built simulation snapshot sim_snn_rgb_behav
